E:\YZQ_TOOLS\FFMPEG\FFMPEG_OLD\03\DEBUG\03.EXE.EMBED.MANIFEST
E:\YZQ_TOOLS\FFMPEG\FFMPEG_OLD\03\DEBUG\03.EXE.EMBED.MANIFEST.RES
E:\YZQ_TOOLS\FFMPEG\FFMPEG_OLD\03\DEBUG\03.EXE.INTERMEDIATE.MANIFEST
E:\YZQ_TOOLS\FFMPEG\FFMPEG_OLD\03\DEBUG\03.OBJ
E:\yzq_tools\ffmpeg\ffmpeg_old\03\Debug\03.write.1.tlog
E:\yzq_tools\ffmpeg\ffmpeg_old\03\Debug\03_manifest.rc
E:\yzq_tools\ffmpeg\ffmpeg_old\03\Debug\cl.command.1.tlog
E:\yzq_tools\ffmpeg\ffmpeg_old\03\Debug\CL.read.1.tlog
E:\yzq_tools\ffmpeg\ffmpeg_old\03\Debug\CL.write.1.tlog
E:\yzq_tools\ffmpeg\ffmpeg_old\03\Debug\link.8780.read.1.tlog
E:\yzq_tools\ffmpeg\ffmpeg_old\03\Debug\link.8780.write.1.tlog
E:\yzq_tools\ffmpeg\ffmpeg_old\03\Debug\link.8780-cvtres.read.1.tlog
E:\yzq_tools\ffmpeg\ffmpeg_old\03\Debug\link.8780-cvtres.write.1.tlog
E:\yzq_tools\ffmpeg\ffmpeg_old\03\Debug\link.command.1.tlog
E:\yzq_tools\ffmpeg\ffmpeg_old\03\Debug\link.read.1.tlog
E:\yzq_tools\ffmpeg\ffmpeg_old\03\Debug\link.write.1.tlog
E:\yzq_tools\ffmpeg\ffmpeg_old\03\Debug\link-cvtres.read.1.tlog
E:\yzq_tools\ffmpeg\ffmpeg_old\03\Debug\link-cvtres.write.1.tlog
E:\yzq_tools\ffmpeg\ffmpeg_old\03\Debug\mt.command.1.tlog
E:\yzq_tools\ffmpeg\ffmpeg_old\03\Debug\mt.read.1.tlog
E:\yzq_tools\ffmpeg\ffmpeg_old\03\Debug\mt.write.1.tlog
E:\yzq_tools\ffmpeg\ffmpeg_old\03\Debug\rc.command.1.tlog
E:\yzq_tools\ffmpeg\ffmpeg_old\03\Debug\rc.read.1.tlog
E:\yzq_tools\ffmpeg\ffmpeg_old\03\Debug\rc.write.1.tlog
E:\yzq_tools\ffmpeg\ffmpeg_old\03\Debug\vc100.idb
E:\YZQ_TOOLS\FFMPEG\FFMPEG_OLD\03\DEBUG\VC100.PDB
E:\YZQ_TOOLS\FFMPEG\FFMPEG_OLD\DEBUG\03.EXE
E:\YZQ_TOOLS\FFMPEG\FFMPEG_OLD\DEBUG\03.ILK
E:\YZQ_TOOLS\FFMPEG\FFMPEG_OLD\DEBUG\03.PDB
