E:\YZQ_TOOLS\FFMPEG\FFMPEG_OLD\02\DEBUG\02.EXE.EMBED.MANIFEST
E:\YZQ_TOOLS\FFMPEG\FFMPEG_OLD\02\DEBUG\02.EXE.EMBED.MANIFEST.RES
E:\YZQ_TOOLS\FFMPEG\FFMPEG_OLD\02\DEBUG\02.EXE.INTERMEDIATE.MANIFEST
E:\YZQ_TOOLS\FFMPEG\FFMPEG_OLD\02\DEBUG\02.OBJ
E:\yzq_tools\ffmpeg\ffmpeg_old\02\Debug\02.write.1.tlog
E:\yzq_tools\ffmpeg\ffmpeg_old\02\Debug\02_manifest.rc
E:\yzq_tools\ffmpeg\ffmpeg_old\02\Debug\cl.command.1.tlog
E:\yzq_tools\ffmpeg\ffmpeg_old\02\Debug\CL.read.1.tlog
E:\yzq_tools\ffmpeg\ffmpeg_old\02\Debug\CL.write.1.tlog
E:\yzq_tools\ffmpeg\ffmpeg_old\02\Debug\link.13916.read.1.tlog
E:\yzq_tools\ffmpeg\ffmpeg_old\02\Debug\link.13916.write.1.tlog
E:\yzq_tools\ffmpeg\ffmpeg_old\02\Debug\link.13916-cvtres.read.1.tlog
E:\yzq_tools\ffmpeg\ffmpeg_old\02\Debug\link.13916-cvtres.write.1.tlog
E:\yzq_tools\ffmpeg\ffmpeg_old\02\Debug\link.command.1.tlog
E:\yzq_tools\ffmpeg\ffmpeg_old\02\Debug\link.read.1.tlog
E:\yzq_tools\ffmpeg\ffmpeg_old\02\Debug\link.write.1.tlog
E:\yzq_tools\ffmpeg\ffmpeg_old\02\Debug\link-cvtres.read.1.tlog
E:\yzq_tools\ffmpeg\ffmpeg_old\02\Debug\link-cvtres.write.1.tlog
E:\yzq_tools\ffmpeg\ffmpeg_old\02\Debug\mt.command.1.tlog
E:\yzq_tools\ffmpeg\ffmpeg_old\02\Debug\mt.read.1.tlog
E:\yzq_tools\ffmpeg\ffmpeg_old\02\Debug\mt.write.1.tlog
E:\yzq_tools\ffmpeg\ffmpeg_old\02\Debug\rc.command.1.tlog
E:\yzq_tools\ffmpeg\ffmpeg_old\02\Debug\rc.read.1.tlog
E:\yzq_tools\ffmpeg\ffmpeg_old\02\Debug\rc.write.1.tlog
E:\yzq_tools\ffmpeg\ffmpeg_old\02\Debug\vc100.idb
E:\YZQ_TOOLS\FFMPEG\FFMPEG_OLD\02\DEBUG\VC100.PDB
E:\YZQ_TOOLS\FFMPEG\FFMPEG_OLD\DEBUG\02.EXE
E:\YZQ_TOOLS\FFMPEG\FFMPEG_OLD\DEBUG\02.ILK
E:\YZQ_TOOLS\FFMPEG\FFMPEG_OLD\DEBUG\02.PDB
