E:\YZQ_TOOLS\FFMPEG\FFMPEG_OLD\01\DEBUG\01.EXE.EMBED.MANIFEST
E:\YZQ_TOOLS\FFMPEG\FFMPEG_OLD\01\DEBUG\01.EXE.EMBED.MANIFEST.RES
E:\YZQ_TOOLS\FFMPEG\FFMPEG_OLD\01\DEBUG\01.EXE.INTERMEDIATE.MANIFEST
E:\YZQ_TOOLS\FFMPEG\FFMPEG_OLD\01\DEBUG\01.OBJ
E:\yzq_tools\ffmpeg\ffmpeg_old\01\Debug\01.write.1.tlog
E:\yzq_tools\ffmpeg\ffmpeg_old\01\Debug\01_manifest.rc
E:\yzq_tools\ffmpeg\ffmpeg_old\01\Debug\cl.command.1.tlog
E:\yzq_tools\ffmpeg\ffmpeg_old\01\Debug\CL.read.1.tlog
E:\yzq_tools\ffmpeg\ffmpeg_old\01\Debug\CL.write.1.tlog
E:\yzq_tools\ffmpeg\ffmpeg_old\01\Debug\link.12092.read.1.tlog
E:\yzq_tools\ffmpeg\ffmpeg_old\01\Debug\link.12092.write.1.tlog
E:\yzq_tools\ffmpeg\ffmpeg_old\01\Debug\link.12092-cvtres.read.1.tlog
E:\yzq_tools\ffmpeg\ffmpeg_old\01\Debug\link.12092-cvtres.write.1.tlog
E:\yzq_tools\ffmpeg\ffmpeg_old\01\Debug\link.command.1.tlog
E:\yzq_tools\ffmpeg\ffmpeg_old\01\Debug\link.read.1.tlog
E:\yzq_tools\ffmpeg\ffmpeg_old\01\Debug\link.write.1.tlog
E:\yzq_tools\ffmpeg\ffmpeg_old\01\Debug\link-cvtres.read.1.tlog
E:\yzq_tools\ffmpeg\ffmpeg_old\01\Debug\link-cvtres.write.1.tlog
E:\yzq_tools\ffmpeg\ffmpeg_old\01\Debug\mt.command.1.tlog
E:\yzq_tools\ffmpeg\ffmpeg_old\01\Debug\mt.read.1.tlog
E:\yzq_tools\ffmpeg\ffmpeg_old\01\Debug\mt.write.1.tlog
E:\yzq_tools\ffmpeg\ffmpeg_old\01\Debug\rc.command.1.tlog
E:\yzq_tools\ffmpeg\ffmpeg_old\01\Debug\rc.read.1.tlog
E:\yzq_tools\ffmpeg\ffmpeg_old\01\Debug\rc.write.1.tlog
E:\yzq_tools\ffmpeg\ffmpeg_old\01\Debug\vc100.idb
E:\YZQ_TOOLS\FFMPEG\FFMPEG_OLD\01\DEBUG\VC100.PDB
E:\YZQ_TOOLS\FFMPEG\FFMPEG_OLD\DEBUG\01.EXE
E:\YZQ_TOOLS\FFMPEG\FFMPEG_OLD\DEBUG\01.ILK
E:\YZQ_TOOLS\FFMPEG\FFMPEG_OLD\DEBUG\01.PDB
