E:\YZQ_TOOLS\FFMPEG\FFMPEG_OLD\06\DEBUG\06.EXE.EMBED.MANIFEST
E:\YZQ_TOOLS\FFMPEG\FFMPEG_OLD\06\DEBUG\06.EXE.EMBED.MANIFEST.RES
E:\YZQ_TOOLS\FFMPEG\FFMPEG_OLD\06\DEBUG\06.EXE.INTERMEDIATE.MANIFEST
E:\YZQ_TOOLS\FFMPEG\FFMPEG_OLD\06\DEBUG\06.OBJ
E:\yzq_tools\ffmpeg\ffmpeg_old\06\Debug\06.write.1.tlog
E:\yzq_tools\ffmpeg\ffmpeg_old\06\Debug\06_manifest.rc
E:\yzq_tools\ffmpeg\ffmpeg_old\06\Debug\cl.command.1.tlog
E:\yzq_tools\ffmpeg\ffmpeg_old\06\Debug\CL.read.1.tlog
E:\yzq_tools\ffmpeg\ffmpeg_old\06\Debug\CL.write.1.tlog
E:\yzq_tools\ffmpeg\ffmpeg_old\06\Debug\link.2820.read.1.tlog
E:\yzq_tools\ffmpeg\ffmpeg_old\06\Debug\link.2820.write.1.tlog
E:\yzq_tools\ffmpeg\ffmpeg_old\06\Debug\link.2820-cvtres.read.1.tlog
E:\yzq_tools\ffmpeg\ffmpeg_old\06\Debug\link.2820-cvtres.write.1.tlog
E:\yzq_tools\ffmpeg\ffmpeg_old\06\Debug\link.command.1.tlog
E:\yzq_tools\ffmpeg\ffmpeg_old\06\Debug\link.read.1.tlog
E:\yzq_tools\ffmpeg\ffmpeg_old\06\Debug\link.write.1.tlog
E:\yzq_tools\ffmpeg\ffmpeg_old\06\Debug\link-cvtres.read.1.tlog
E:\yzq_tools\ffmpeg\ffmpeg_old\06\Debug\link-cvtres.write.1.tlog
E:\yzq_tools\ffmpeg\ffmpeg_old\06\Debug\mt.command.1.tlog
E:\yzq_tools\ffmpeg\ffmpeg_old\06\Debug\mt.read.1.tlog
E:\yzq_tools\ffmpeg\ffmpeg_old\06\Debug\mt.write.1.tlog
E:\yzq_tools\ffmpeg\ffmpeg_old\06\Debug\rc.command.1.tlog
E:\yzq_tools\ffmpeg\ffmpeg_old\06\Debug\rc.read.1.tlog
E:\yzq_tools\ffmpeg\ffmpeg_old\06\Debug\rc.write.1.tlog
E:\yzq_tools\ffmpeg\ffmpeg_old\06\Debug\vc100.idb
E:\YZQ_TOOLS\FFMPEG\FFMPEG_OLD\06\DEBUG\VC100.PDB
E:\YZQ_TOOLS\FFMPEG\FFMPEG_OLD\DEBUG\06.EXE
E:\YZQ_TOOLS\FFMPEG\FFMPEG_OLD\DEBUG\06.ILK
E:\YZQ_TOOLS\FFMPEG\FFMPEG_OLD\DEBUG\06.PDB
