E:\YZQ_TOOLS\FFMPEG\FFMPEG_OLD\05\DEBUG\05.EXE.EMBED.MANIFEST
E:\YZQ_TOOLS\FFMPEG\FFMPEG_OLD\05\DEBUG\05.EXE.EMBED.MANIFEST.RES
E:\YZQ_TOOLS\FFMPEG\FFMPEG_OLD\05\DEBUG\05.EXE.INTERMEDIATE.MANIFEST
E:\YZQ_TOOLS\FFMPEG\FFMPEG_OLD\05\DEBUG\05.OBJ
E:\yzq_tools\ffmpeg\ffmpeg_old\05\Debug\05.write.1.tlog
E:\yzq_tools\ffmpeg\ffmpeg_old\05\Debug\05_manifest.rc
E:\yzq_tools\ffmpeg\ffmpeg_old\05\Debug\cl.command.1.tlog
E:\yzq_tools\ffmpeg\ffmpeg_old\05\Debug\CL.read.1.tlog
E:\yzq_tools\ffmpeg\ffmpeg_old\05\Debug\CL.write.1.tlog
E:\yzq_tools\ffmpeg\ffmpeg_old\05\Debug\link.11188.read.1.tlog
E:\yzq_tools\ffmpeg\ffmpeg_old\05\Debug\link.11188.write.1.tlog
E:\yzq_tools\ffmpeg\ffmpeg_old\05\Debug\link.11188-cvtres.read.1.tlog
E:\yzq_tools\ffmpeg\ffmpeg_old\05\Debug\link.11188-cvtres.write.1.tlog
E:\yzq_tools\ffmpeg\ffmpeg_old\05\Debug\link.command.1.tlog
E:\yzq_tools\ffmpeg\ffmpeg_old\05\Debug\link.read.1.tlog
E:\yzq_tools\ffmpeg\ffmpeg_old\05\Debug\link.write.1.tlog
E:\yzq_tools\ffmpeg\ffmpeg_old\05\Debug\link-cvtres.read.1.tlog
E:\yzq_tools\ffmpeg\ffmpeg_old\05\Debug\link-cvtres.write.1.tlog
E:\yzq_tools\ffmpeg\ffmpeg_old\05\Debug\mt.command.1.tlog
E:\yzq_tools\ffmpeg\ffmpeg_old\05\Debug\mt.read.1.tlog
E:\yzq_tools\ffmpeg\ffmpeg_old\05\Debug\mt.write.1.tlog
E:\yzq_tools\ffmpeg\ffmpeg_old\05\Debug\rc.command.1.tlog
E:\yzq_tools\ffmpeg\ffmpeg_old\05\Debug\rc.read.1.tlog
E:\yzq_tools\ffmpeg\ffmpeg_old\05\Debug\rc.write.1.tlog
E:\yzq_tools\ffmpeg\ffmpeg_old\05\Debug\vc100.idb
E:\YZQ_TOOLS\FFMPEG\FFMPEG_OLD\05\DEBUG\VC100.PDB
E:\YZQ_TOOLS\FFMPEG\FFMPEG_OLD\DEBUG\05.EXE
E:\YZQ_TOOLS\FFMPEG\FFMPEG_OLD\DEBUG\05.ILK
E:\YZQ_TOOLS\FFMPEG\FFMPEG_OLD\DEBUG\05.PDB
