E:\YZQ_TOOLS\FFMPEG\FFMPEG_OLD\07\DEBUG\07.EXE.EMBED.MANIFEST
E:\YZQ_TOOLS\FFMPEG\FFMPEG_OLD\07\DEBUG\07.EXE.EMBED.MANIFEST.RES
E:\YZQ_TOOLS\FFMPEG\FFMPEG_OLD\07\DEBUG\07.EXE.INTERMEDIATE.MANIFEST
E:\YZQ_TOOLS\FFMPEG\FFMPEG_OLD\07\DEBUG\07.OBJ
E:\yzq_tools\ffmpeg\ffmpeg_old\07\Debug\07.write.1.tlog
E:\yzq_tools\ffmpeg\ffmpeg_old\07\Debug\07_manifest.rc
E:\yzq_tools\ffmpeg\ffmpeg_old\07\Debug\cl.command.1.tlog
E:\yzq_tools\ffmpeg\ffmpeg_old\07\Debug\CL.read.1.tlog
E:\yzq_tools\ffmpeg\ffmpeg_old\07\Debug\CL.write.1.tlog
E:\yzq_tools\ffmpeg\ffmpeg_old\07\Debug\link.12476.read.1.tlog
E:\yzq_tools\ffmpeg\ffmpeg_old\07\Debug\link.12476.write.1.tlog
E:\yzq_tools\ffmpeg\ffmpeg_old\07\Debug\link.12476-cvtres.read.1.tlog
E:\yzq_tools\ffmpeg\ffmpeg_old\07\Debug\link.12476-cvtres.write.1.tlog
E:\yzq_tools\ffmpeg\ffmpeg_old\07\Debug\link.command.1.tlog
E:\yzq_tools\ffmpeg\ffmpeg_old\07\Debug\link.read.1.tlog
E:\yzq_tools\ffmpeg\ffmpeg_old\07\Debug\link.write.1.tlog
E:\yzq_tools\ffmpeg\ffmpeg_old\07\Debug\link-cvtres.read.1.tlog
E:\yzq_tools\ffmpeg\ffmpeg_old\07\Debug\link-cvtres.write.1.tlog
E:\yzq_tools\ffmpeg\ffmpeg_old\07\Debug\mt.command.1.tlog
E:\yzq_tools\ffmpeg\ffmpeg_old\07\Debug\mt.read.1.tlog
E:\yzq_tools\ffmpeg\ffmpeg_old\07\Debug\mt.write.1.tlog
E:\yzq_tools\ffmpeg\ffmpeg_old\07\Debug\rc.command.1.tlog
E:\yzq_tools\ffmpeg\ffmpeg_old\07\Debug\rc.read.1.tlog
E:\yzq_tools\ffmpeg\ffmpeg_old\07\Debug\rc.write.1.tlog
E:\yzq_tools\ffmpeg\ffmpeg_old\07\Debug\vc100.idb
E:\YZQ_TOOLS\FFMPEG\FFMPEG_OLD\07\DEBUG\VC100.PDB
E:\YZQ_TOOLS\FFMPEG\FFMPEG_OLD\DEBUG\07.EXE
E:\YZQ_TOOLS\FFMPEG\FFMPEG_OLD\DEBUG\07.ILK
E:\YZQ_TOOLS\FFMPEG\FFMPEG_OLD\DEBUG\07.PDB
