E:\YZQ_TOOLS\FFMPEG\FFMPEG_OLD\04\DEBUG\04.EXE.EMBED.MANIFEST
E:\YZQ_TOOLS\FFMPEG\FFMPEG_OLD\04\DEBUG\04.EXE.EMBED.MANIFEST.RES
E:\YZQ_TOOLS\FFMPEG\FFMPEG_OLD\04\DEBUG\04.EXE.INTERMEDIATE.MANIFEST
E:\YZQ_TOOLS\FFMPEG\FFMPEG_OLD\04\DEBUG\04.OBJ
E:\yzq_tools\ffmpeg\ffmpeg_old\04\Debug\04.write.1.tlog
E:\yzq_tools\ffmpeg\ffmpeg_old\04\Debug\04_manifest.rc
E:\yzq_tools\ffmpeg\ffmpeg_old\04\Debug\cl.command.1.tlog
E:\yzq_tools\ffmpeg\ffmpeg_old\04\Debug\CL.read.1.tlog
E:\yzq_tools\ffmpeg\ffmpeg_old\04\Debug\CL.write.1.tlog
E:\yzq_tools\ffmpeg\ffmpeg_old\04\Debug\link.10968.read.1.tlog
E:\yzq_tools\ffmpeg\ffmpeg_old\04\Debug\link.10968.write.1.tlog
E:\yzq_tools\ffmpeg\ffmpeg_old\04\Debug\link.10968-cvtres.read.1.tlog
E:\yzq_tools\ffmpeg\ffmpeg_old\04\Debug\link.10968-cvtres.write.1.tlog
E:\yzq_tools\ffmpeg\ffmpeg_old\04\Debug\link.command.1.tlog
E:\yzq_tools\ffmpeg\ffmpeg_old\04\Debug\link.read.1.tlog
E:\yzq_tools\ffmpeg\ffmpeg_old\04\Debug\link.write.1.tlog
E:\yzq_tools\ffmpeg\ffmpeg_old\04\Debug\link-cvtres.read.1.tlog
E:\yzq_tools\ffmpeg\ffmpeg_old\04\Debug\link-cvtres.write.1.tlog
E:\yzq_tools\ffmpeg\ffmpeg_old\04\Debug\mt.command.1.tlog
E:\yzq_tools\ffmpeg\ffmpeg_old\04\Debug\mt.read.1.tlog
E:\yzq_tools\ffmpeg\ffmpeg_old\04\Debug\mt.write.1.tlog
E:\yzq_tools\ffmpeg\ffmpeg_old\04\Debug\rc.command.1.tlog
E:\yzq_tools\ffmpeg\ffmpeg_old\04\Debug\rc.read.1.tlog
E:\yzq_tools\ffmpeg\ffmpeg_old\04\Debug\rc.write.1.tlog
E:\yzq_tools\ffmpeg\ffmpeg_old\04\Debug\vc100.idb
E:\YZQ_TOOLS\FFMPEG\FFMPEG_OLD\04\DEBUG\VC100.PDB
E:\YZQ_TOOLS\FFMPEG\FFMPEG_OLD\DEBUG\04.EXE
E:\YZQ_TOOLS\FFMPEG\FFMPEG_OLD\DEBUG\04.ILK
E:\YZQ_TOOLS\FFMPEG\FFMPEG_OLD\DEBUG\04.PDB
